<?xml version="1.0" encoding="UTF-8"?>
<testsuite xmlns:xsi="http://www.w3.org/2001/XMLSchema-instance" xsi:noNamespaceSchemaLocation="https://maven.apache.org/surefire/maven-surefire-plugin/xsd/surefire-test-report.xsd" name="familyTreeTest.CommandsTest" time="0.322" tests="16" errors="0" skipped="0" failures="0">
  <properties>
    <property name="sun.desktop" value="windows"/>
    <property name="awt.toolkit" value="sun.awt.windows.WToolkit"/>
    <property name="file.encoding.pkg" value="sun.io"/>
    <property name="java.specification.version" value="1.8"/>
    <property name="sun.cpu.isalist" value="amd64"/>
    <property name="sun.jnu.encoding" value="Cp1252"/>
    <property name="java.class.path" value="C:\Users\NH054708\OneDrive - Cerner Corporation\Documents\Personal\Skill development\Java\FamilyTree\target\test-classes;C:\Users\NH054708\OneDrive - Cerner Corporation\Documents\Personal\Skill development\Java\FamilyTree\target\classes;C:\Users\NH054708\.m2\repository\org\junit\jupiter\junit-jupiter-engine\5.3.1\junit-jupiter-engine-5.3.1.jar;C:\Users\NH054708\.m2\repository\org\apiguardian\apiguardian-api\1.0.0\apiguardian-api-1.0.0.jar;C:\Users\NH054708\.m2\repository\org\junit\platform\junit-platform-engine\1.3.1\junit-platform-engine-1.3.1.jar;C:\Users\NH054708\.m2\repository\org\junit\platform\junit-platform-commons\1.3.1\junit-platform-commons-1.3.1.jar;C:\Users\NH054708\.m2\repository\org\opentest4j\opentest4j\1.1.1\opentest4j-1.1.1.jar;C:\Users\NH054708\.m2\repository\org\junit\jupiter\junit-jupiter-api\5.3.1\junit-jupiter-api-5.3.1.jar;C:\Users\NH054708\.m2\repository\org\junit\jupiter\junit-jupiter-params\5.3.1\junit-jupiter-params-5.3.1.jar;"/>
    <property name="java.vm.vendor" value="Oracle Corporation"/>
    <property name="sun.arch.data.model" value="64"/>
    <property name="user.variant" value=""/>
    <property name="java.vendor.url" value="http://java.oracle.com/"/>
    <property name="user.timezone" value="Asia/Calcutta"/>
    <property name="java.vm.specification.version" value="1.8"/>
    <property name="os.name" value="Windows 10"/>
    <property name="user.country" value="IN"/>
    <property name="sun.java.launcher" value="SUN_STANDARD"/>
    <property name="sun.boot.library.path" value="C:\Program Files\Java\jdk1.8.0_221\jre\bin"/>
    <property name="sun.java.command" value="C:\Users\NH054708\AppData\Local\Temp\surefire2825002076810060153\surefirebooter2312448001206162657.jar C:\Users\NH054708\AppData\Local\Temp\surefire2825002076810060153 2021-10-03T19-50-10_600-jvmRun1 surefire5762540391774219225tmp surefire_05020581487645603391tmp"/>
    <property name="surefire.test.class.path" value="C:\Users\NH054708\OneDrive - Cerner Corporation\Documents\Personal\Skill development\Java\FamilyTree\target\test-classes;C:\Users\NH054708\OneDrive - Cerner Corporation\Documents\Personal\Skill development\Java\FamilyTree\target\classes;C:\Users\NH054708\.m2\repository\org\junit\jupiter\junit-jupiter-engine\5.3.1\junit-jupiter-engine-5.3.1.jar;C:\Users\NH054708\.m2\repository\org\apiguardian\apiguardian-api\1.0.0\apiguardian-api-1.0.0.jar;C:\Users\NH054708\.m2\repository\org\junit\platform\junit-platform-engine\1.3.1\junit-platform-engine-1.3.1.jar;C:\Users\NH054708\.m2\repository\org\junit\platform\junit-platform-commons\1.3.1\junit-platform-commons-1.3.1.jar;C:\Users\NH054708\.m2\repository\org\opentest4j\opentest4j\1.1.1\opentest4j-1.1.1.jar;C:\Users\NH054708\.m2\repository\org\junit\jupiter\junit-jupiter-api\5.3.1\junit-jupiter-api-5.3.1.jar;C:\Users\NH054708\.m2\repository\org\junit\jupiter\junit-jupiter-params\5.3.1\junit-jupiter-params-5.3.1.jar;"/>
    <property name="sun.cpu.endian" value="little"/>
    <property name="user.home" value="C:\Users\NH054708"/>
    <property name="user.language" value="en"/>
    <property name="java.specification.vendor" value="Oracle Corporation"/>
    <property name="java.home" value="C:\Program Files\Java\jdk1.8.0_221\jre"/>
    <property name="basedir" value="C:\Users\NH054708\OneDrive - Cerner Corporation\Documents\Personal\Skill development\Java\FamilyTree"/>
    <property name="file.separator" value="\"/>
    <property name="line.separator" value="&#10;"/>
    <property name="java.vm.specification.vendor" value="Oracle Corporation"/>
    <property name="java.specification.name" value="Java Platform API Specification"/>
    <property name="java.awt.graphicsenv" value="sun.awt.Win32GraphicsEnvironment"/>
    <property name="surefire.real.class.path" value="C:\Users\NH054708\AppData\Local\Temp\surefire2825002076810060153\surefirebooter2312448001206162657.jar;C:\\Users\\NH054708\\.m2\\repository\\org\\jacoco\\org.jacoco.agent\\0.8.7\\org.jacoco.agent-0.8.7-runtime.jar"/>
    <property name="sun.boot.class.path" value="C:\Program Files\Java\jdk1.8.0_221\jre\lib\resources.jar;C:\Program Files\Java\jdk1.8.0_221\jre\lib\rt.jar;C:\Program Files\Java\jdk1.8.0_221\jre\lib\sunrsasign.jar;C:\Program Files\Java\jdk1.8.0_221\jre\lib\jsse.jar;C:\Program Files\Java\jdk1.8.0_221\jre\lib\jce.jar;C:\Program Files\Java\jdk1.8.0_221\jre\lib\charsets.jar;C:\Program Files\Java\jdk1.8.0_221\jre\lib\jfr.jar;C:\Program Files\Java\jdk1.8.0_221\jre\classes"/>
    <property name="user.script" value=""/>
    <property name="sun.management.compiler" value="HotSpot 64-Bit Tiered Compilers"/>
    <property name="java.runtime.version" value="1.8.0_221-b11"/>
    <property name="user.name" value="NH054708"/>
    <property name="path.separator" value=";"/>
    <property name="os.version" value="10.0"/>
    <property name="java.endorsed.dirs" value="C:\Program Files\Java\jdk1.8.0_221\jre\lib\endorsed"/>
    <property name="java.runtime.name" value="Java(TM) SE Runtime Environment"/>
    <property name="file.encoding" value="Cp1252"/>
    <property name="java.vm.name" value="Java HotSpot(TM) 64-Bit Server VM"/>
    <property name="localRepository" value="C:\Users\NH054708\.m2\repository"/>
    <property name="java.vendor.url.bug" value="http://bugreport.sun.com/bugreport/"/>
    <property name="java.io.tmpdir" value="C:\Users\NH054708\AppData\Local\Temp\"/>
    <property name="java.version" value="1.8.0_221"/>
    <property name="user.dir" value="C:\Users\NH054708\OneDrive - Cerner Corporation\Documents\Personal\Skill development\Java\FamilyTree"/>
    <property name="os.arch" value="amd64"/>
    <property name="java.vm.specification.name" value="Java Virtual Machine Specification"/>
    <property name="java.awt.printerjob" value="sun.awt.windows.WPrinterJob"/>
    <property name="sun.os.patch.level" value=""/>
    <property name="java.library.path" value="C:\Program Files\Java\jdk1.8.0_221\jre\bin;C:\WINDOWS\Sun\Java\bin;C:\WINDOWS\system32;C:\WINDOWS;C:\Program Files (x86)\VMware\VMware Player\bin\;C:\CERNER_JAVA_HOME_8\bin;C:\Program Files (x86)\Common Files\Oracle\Java\javapath;C:\WINDOWS\system32;C:\WINDOWS;C:\WINDOWS\System32\Wbem;C:\WINDOWS\System32\WindowsPowerShell\v1.0\;C:\WINDOWS\System32\OpenSSH\;C:\Program Files\dotnet\;C:\Program Files\Microsoft SQL Server\130\Tools\Binn\;C:\Program Files\Microsoft SQL Server\Client SDK\ODBC\170\Tools\Binn\;C:\Program Files\IBM\WebSphere MQ\bin64;C:\Program Files\IBM\WebSphere MQ\bin;C:\Program Files\IBM\WebSphere MQ\tools\c\samples\bin;C:\Program Files\Cerner;C:\Program Files\TortoiseSVN\bin;C:\Program Files\doxygen\bin;C:\Program Files\Intel\WiFi\bin\;C:\Program Files\Common Files\Intel\WirelessCommon\;C:\Program Files (x86)\WinSCP\;C:\Program Files\SourceGear\Common\DiffMerge\;C:\Program Files\Calibre2\;C:\Program Files\Git\cmd;C:\Program Files (x86)\dotnet\;C:\Program Files\Docker\Docker\resources\bin;C:\ProgramData\DockerDesktop\version-bin;C:\Program Files\PuTTY\;C:\Users\NH054708\AppData\Local\Programs\Python\Python38-32\Scripts\;C:\Users\NH054708\AppData\Local\Programs\Python\Python38-32\;C:\Program Files\MySQL\MySQL Shell 8.0\bin\;C:\Users\NH054708\AppData\Local\Programs\Microsoft VS Code\bin;C:\Program Files\Java\jdk1.8.0_221\bin;C:\dev\tools\apache-maven-3.6.3-bin\apache-maven-3.6.3\bin;C:\Users\NH054708\AppData\Local\Microsoft\WindowsApps;C:\Users\NH054708\AppData\Local\GitHubDesktop\bin;."/>
    <property name="java.vm.info" value="mixed mode"/>
    <property name="java.vendor" value="Oracle Corporation"/>
    <property name="java.vm.version" value="25.221-b11"/>
    <property name="java.ext.dirs" value="C:\Program Files\Java\jdk1.8.0_221\jre\lib\ext;C:\WINDOWS\Sun\Java\lib\ext"/>
    <property name="sun.io.unicode.encoding" value="UnicodeLittle"/>
    <property name="java.class.version" value="52.0"/>
  </properties>
  <testcase name="commandsTest{String, String}[1]" classname="familyTreeTest.CommandsTest" time="0.069"/>
  <testcase name="commandsTest{String, String}[2]" classname="familyTreeTest.CommandsTest" time="0"/>
  <testcase name="commandsTest{String, String}[3]" classname="familyTreeTest.CommandsTest" time="0.008"/>
  <testcase name="commandsTest{String, String}[4]" classname="familyTreeTest.CommandsTest" time="0"/>
  <testcase name="commandsTest{String, String}[5]" classname="familyTreeTest.CommandsTest" time="0"/>
  <testcase name="commandsTest{String, String}[6]" classname="familyTreeTest.CommandsTest" time="0"/>
  <testcase name="commandsTest{String, String}[7]" classname="familyTreeTest.CommandsTest" time="0"/>
  <testcase name="commandsTest{String, String}[8]" classname="familyTreeTest.CommandsTest" time="0"/>
  <testcase name="commandsTest{String, String}[9]" classname="familyTreeTest.CommandsTest" time="0.002"/>
  <testcase name="commandsTest{String, String}[10]" classname="familyTreeTest.CommandsTest" time="0"/>
  <testcase name="commandsTest{String, String}[11]" classname="familyTreeTest.CommandsTest" time="0"/>
  <testcase name="commandsTest{String, String}[12]" classname="familyTreeTest.CommandsTest" time="0"/>
  <testcase name="commandsTest{String, String}[13]" classname="familyTreeTest.CommandsTest" time="0"/>
  <testcase name="commandsTest{String, String}[14]" classname="familyTreeTest.CommandsTest" time="0"/>
  <testcase name="commandsTest{String, String}[15]" classname="familyTreeTest.CommandsTest" time="0"/>
  <testcase name="commandsTest{String, String}[16]" classname="familyTreeTest.CommandsTest" time="0"/>
</testsuite>